<?xml version="1.0" encoding="UTF-8"?>
<!-- Generated by org.testng.reporters.JUnitReportReporter -->
<testsuite hostname="t3" name="com.RunnerClass.CucumberRunner" tests="1" failures="0" timestamp="5 Nov 2018 11:37:43 GMT" time="11.594" errors="0">
  <testcase name="feature" time="11.594" classname="com.RunnerClass.CucumberRunner"/>
</testsuite> <!-- com.RunnerClass.CucumberRunner -->
